<?xml version="1.0" encoding="UTF-8"?>
<!-- Generated by org.testng.reporters.JUnitReportReporter -->
<testsuite hostname="DESKTOP-4HL67I5" failures="0" tests="2" name="TestCase.Day1Day2.TestMethodTestNG" time="1.497" errors="0" timestamp="2024-03-16T17:18:23 NZDT" skipped="0">
  <testcase classname="TestCase.Day1Day2.TestMethodTestNG" name="TestSetUp" time="1.488"/>
  <testcase classname="TestCase.Day1Day2.TestMethodTestNG" name="TestAssert" time="0.009"/>
</testsuite> <!-- TestCase.Day1Day2.TestMethodTestNG -->
