<?xml version="1.0" encoding="UTF-8"?>
<!-- Generated by org.testng.reporters.JUnitReportReporter -->
<testsuite hostname="DESKTOP-4HL67I5" failures="0" tests="2" name="TestCase.Day1Day2.TestMethodTestNG" time="1.507" errors="0" timestamp="2024-03-16T17:21:15 NZDT" skipped="0">
  <testcase classname="TestCase.Day1Day2.TestMethodTestNG" name="TestAssert" time="0.011"/>
  <testcase classname="TestCase.Day1Day2.TestMethodTestNG" name="TestSetUp" time="1.496"/>
</testsuite> <!-- TestCase.Day1Day2.TestMethodTestNG -->
